2025-05-26 22:44:29,657 INFO: PETMATCH startup [in C:\Users\yurid\Music\petmatch\src\app\__init__.py:79]
2025-05-26 22:44:47,825 INFO: PETMATCH startup [in C:\Users\yurid\Music\petmatch\src\app\__init__.py:79]
2025-05-26 22:45:00,625 INFO: PETMATCH startup [in C:\Users\yurid\Music\petmatch\src\app\__init__.py:79]
2025-05-26 22:45:19,244 INFO: PETMATCH startup [in C:\Users\yurid\Music\petmatch\src\app\__init__.py:79]
2025-05-26 22:46:23,521 ERROR: Exception on /auth/register [POST] [in C:\Users\yurid\Music\petmatch\venv\Lib\site-packages\flask\app.py:875]
Traceback (most recent call last):
  File "C:\Users\yurid\Music\petmatch\venv\Lib\site-packages\wtforms\validators.py", line 401, in __call__
    import email_validator
ModuleNotFoundError: No module named 'email_validator'

The above exception was the direct cause of the following exception:

Traceback (most recent call last):
  File "C:\Users\yurid\Music\petmatch\venv\Lib\site-packages\flask\app.py", line 1511, in wsgi_app
    response = self.full_dispatch_request()
  File "C:\Users\yurid\Music\petmatch\venv\Lib\site-packages\flask\app.py", line 919, in full_dispatch_request
    rv = self.handle_user_exception(e)
  File "C:\Users\yurid\Music\petmatch\venv\Lib\site-packages\flask\app.py", line 917, in full_dispatch_request
    rv = self.dispatch_request()
  File "C:\Users\yurid\Music\petmatch\venv\Lib\site-packages\flask\app.py", line 902, in dispatch_request
    return self.ensure_sync(self.view_functions[rule.endpoint])(**view_args)  # type: ignore[no-any-return]
           ~~~~~~~~~~~~~~~~~~~~~~~~~~~~~~~~~~~~~~~~~~~~~~~~~~~~^^^^^^^^^^^^^
  File "C:\Users\yurid\Music\petmatch\src\app\auth\routes.py", line 48, in register
    if form.validate_on_submit():
       ~~~~~~~~~~~~~~~~~~~~~~~^^
  File "C:\Users\yurid\Music\petmatch\venv\Lib\site-packages\flask_wtf\form.py", line 86, in validate_on_submit
    return self.is_submitted() and self.validate(extra_validators=extra_validators)
                                   ~~~~~~~~~~~~~^^^^^^^^^^^^^^^^^^^^^^^^^^^^^^^^^^^
  File "C:\Users\yurid\Music\petmatch\venv\Lib\site-packages\wtforms\form.py", line 330, in validate
    return super().validate(extra)
           ~~~~~~~~~~~~~~~~^^^^^^^
  File "C:\Users\yurid\Music\petmatch\venv\Lib\site-packages\wtforms\form.py", line 147, in validate
    if not field.validate(self, extra):
           ~~~~~~~~~~~~~~^^^^^^^^^^^^^
  File "C:\Users\yurid\Music\petmatch\venv\Lib\site-packages\wtforms\fields\core.py", line 234, in validate
    stop_validation = self._run_validation_chain(form, chain)
  File "C:\Users\yurid\Music\petmatch\venv\Lib\site-packages\wtforms\fields\core.py", line 254, in _run_validation_chain
    validator(form, self)
    ~~~~~~~~~^^^^^^^^^^^^
  File "C:\Users\yurid\Music\petmatch\venv\Lib\site-packages\wtforms\validators.py", line 403, in __call__
    raise Exception(
        "Install 'email_validator' for email validation support."
    ) from exc
Exception: Install 'email_validator' for email validation support.
